1548377503139	mozrunner::runner	INFO	Running command: "/usr/bin/firefox" "-marionette" "-foreground" "-no-remote" "-profile" "/tmp/rust_mozprofile.hft3g9uo48Uz"
1548377503486	addons.webextension.screenshots@mozilla.org	WARN	Loading extension 'screenshots@mozilla.org': Reading manifest: Invalid host permission: resource://pdf.js/
1548377503486	addons.webextension.screenshots@mozilla.org	WARN	Loading extension 'screenshots@mozilla.org': Reading manifest: Invalid host permission: about:reader*
1548377504872	Marionette	INFO	Listening on port 37599
1548377504958	Marionette	WARN	TLS certificate errors will be ignored for this session
1548377725273	mozrunner::runner	INFO	Running command: "/usr/bin/firefox" "-marionette" "-foreground" "-no-remote" "-profile" "/tmp/rust_mozprofile.sMKxHDgPwCH3"
1548377725593	addons.webextension.screenshots@mozilla.org	WARN	Loading extension 'screenshots@mozilla.org': Reading manifest: Invalid host permission: resource://pdf.js/
1548377725594	addons.webextension.screenshots@mozilla.org	WARN	Loading extension 'screenshots@mozilla.org': Reading manifest: Invalid host permission: about:reader*
1548377726957	Marionette	INFO	Listening on port 44253
1548377726987	Marionette	WARN	TLS certificate errors will be ignored for this session
1548377766464	mozrunner::runner	INFO	Running command: "/usr/bin/firefox" "-marionette" "-foreground" "-no-remote" "-profile" "/tmp/rust_mozprofile.gtpAlGkfG6ZQ"
1548377766814	addons.webextension.screenshots@mozilla.org	WARN	Loading extension 'screenshots@mozilla.org': Reading manifest: Invalid host permission: resource://pdf.js/
1548377766814	addons.webextension.screenshots@mozilla.org	WARN	Loading extension 'screenshots@mozilla.org': Reading manifest: Invalid host permission: about:reader*
1548377768208	Marionette	INFO	Listening on port 38637
1548377768271	Marionette	WARN	TLS certificate errors will be ignored for this session
1548377815194	mozrunner::runner	INFO	Running command: "/usr/bin/firefox" "-marionette" "-foreground" "-no-remote" "-profile" "/tmp/rust_mozprofile.WbUbb1FJnBlL"
1548377815553	addons.webextension.screenshots@mozilla.org	WARN	Loading extension 'screenshots@mozilla.org': Reading manifest: Invalid host permission: resource://pdf.js/
1548377815554	addons.webextension.screenshots@mozilla.org	WARN	Loading extension 'screenshots@mozilla.org': Reading manifest: Invalid host permission: about:reader*
1548377817049	Marionette	INFO	Listening on port 43515
1548377817100	Marionette	WARN	TLS certificate errors will be ignored for this session

###!!! [Child][RunMessage] Error: Channel closing: too late to send/recv, messages will be lost

1548377817804	Marionette	INFO	Stopped listening on port 38637
1548377819863	Marionette	INFO	Stopped listening on port 43515

###!!! [Child][MessageChannel] Error: (msgtype=0x580029,name=PNecko::Msg_RemoveRequestContext) Channel closing: too late to send/recv, messages will be lost

[Parent 15948, Gecko_IOThread] WARNING: pipe error (77): Connection reset by peer: file /build/firefox-wWf_B4/firefox-64.0+build3/ipc/chromium/src/chrome/common/ipc_channel_posix.cc, line 363
[Parent 15948, Gecko_IOThread] WARNING: pipe error (101): Connection reset by peer: file /build/firefox-wWf_B4/firefox-64.0+build3/ipc/chromium/src/chrome/common/ipc_channel_posix.cc, line 363

###!!! [Child][MessageChannel] Error: (msgtype=0x4C0005,name=PHttpChannel::Msg_Cancel) Channel closing: too late to send/recv, messages will be lost

[Parent 15338, Gecko_IOThread] WARNING: pipe error (77): Connection reset by peer: file /build/firefox-wWf_B4/firefox-64.0+build3/ipc/chromium/src/chrome/common/ipc_channel_posix.cc, line 363
[Parent 15338, Gecko_IOThread] WARNING: pipe error (91): Connection reset by peer: file /build/firefox-wWf_B4/firefox-64.0+build3/ipc/chromium/src/chrome/common/ipc_channel_posix.cc, line 363
1548377823359	Marionette	INFO	Stopped listening on port 44253
[Parent 14937, Gecko_IOThread] WARNING: pipe error (80): Connection reset by peer: file /build/firefox-wWf_B4/firefox-64.0+build3/ipc/chromium/src/chrome/common/ipc_channel_posix.cc, line 363
[Parent 14937, Gecko_IOThread] WARNING: pipe error (117): Connection reset by peer: file /build/firefox-wWf_B4/firefox-64.0+build3/ipc/chromium/src/chrome/common/ipc_channel_posix.cc, line 363
1548377825832	Marionette	INFO	Stopped listening on port 37599
1548377838691	mozrunner::runner	INFO	Running command: "/usr/bin/firefox" "-marionette" "-foreground" "-no-remote" "-profile" "/tmp/rust_mozprofile.7sOFsGDCQupi"
1548377839019	addons.webextension.screenshots@mozilla.org	WARN	Loading extension 'screenshots@mozilla.org': Reading manifest: Invalid host permission: resource://pdf.js/
1548377839019	addons.webextension.screenshots@mozilla.org	WARN	Loading extension 'screenshots@mozilla.org': Reading manifest: Invalid host permission: about:reader*
1548377840378	Marionette	INFO	Listening on port 45399
1548377840408	Marionette	WARN	TLS certificate errors will be ignored for this session
1548377842993	Marionette	INFO	Stopped listening on port 45399
[Parent 16281, Gecko_IOThread] WARNING: pipe error (77): Connection reset by peer: file /build/firefox-wWf_B4/firefox-64.0+build3/ipc/chromium/src/chrome/common/ipc_channel_posix.cc, line 363
1548378129784	mozrunner::runner	INFO	Running command: "/usr/bin/firefox" "-marionette" "-foreground" "-no-remote" "-profile" "/tmp/rust_mozprofile.PS9iiEL3ZVGP"
1548378130127	addons.webextension.screenshots@mozilla.org	WARN	Loading extension 'screenshots@mozilla.org': Reading manifest: Invalid host permission: resource://pdf.js/
1548378130127	addons.webextension.screenshots@mozilla.org	WARN	Loading extension 'screenshots@mozilla.org': Reading manifest: Invalid host permission: about:reader*
1548378131499	Marionette	INFO	Listening on port 39109
1548378131594	Marionette	WARN	TLS certificate errors will be ignored for this session
1548378148586	Marionette	INFO	Stopped listening on port 39109
1548378210505	mozrunner::runner	INFO	Running command: "/usr/bin/firefox" "-marionette" "-headless" "-foreground" "-no-remote" "-profile" "/tmp/rust_mozprofile.BQQ5Qqj0791k"
*** You are running in headless mode.
1548378210800	addons.webextension.screenshots@mozilla.org	WARN	Loading extension 'screenshots@mozilla.org': Reading manifest: Invalid host permission: resource://pdf.js/
1548378210800	addons.webextension.screenshots@mozilla.org	WARN	Loading extension 'screenshots@mozilla.org': Reading manifest: Invalid host permission: about:reader*
1548378212070	Marionette	INFO	Listening on port 41581
1548378212110	Marionette	WARN	TLS certificate errors will be ignored for this session
1548378214390	Marionette	INFO	Stopped listening on port 41581
[Parent 16993, Gecko_IOThread] WARNING: pipe error (65): Connection reset by peer: file /build/firefox-wWf_B4/firefox-64.0+build3/ipc/chromium/src/chrome/common/ipc_channel_posix.cc, line 363
1548378702909	mozrunner::runner	INFO	Running command: "/usr/bin/firefox" "-marionette" "-headless" "-foreground" "-no-remote" "-profile" "/tmp/rust_mozprofile.veYBuRjRdcpj"
*** You are running in headless mode.
1548378703203	addons.webextension.screenshots@mozilla.org	WARN	Loading extension 'screenshots@mozilla.org': Reading manifest: Invalid host permission: resource://pdf.js/
1548378703203	addons.webextension.screenshots@mozilla.org	WARN	Loading extension 'screenshots@mozilla.org': Reading manifest: Invalid host permission: about:reader*
1548378704454	Marionette	INFO	Listening on port 44921
1548378704513	Marionette	WARN	TLS certificate errors will be ignored for this session
1548378707418	Marionette	INFO	Stopped listening on port 44921
[Parent 17612, Gecko_IOThread] WARNING: pipe error (65): Connection reset by peer: file /build/firefox-wWf_B4/firefox-64.0+build3/ipc/chromium/src/chrome/common/ipc_channel_posix.cc, line 363
1548378854781	mozrunner::runner	INFO	Running command: "/usr/bin/firefox" "-marionette" "-headless" "-foreground" "-no-remote" "-profile" "/tmp/rust_mozprofile.URfS4VL1BRF9"
*** You are running in headless mode.
1548378855083	addons.webextension.screenshots@mozilla.org	WARN	Loading extension 'screenshots@mozilla.org': Reading manifest: Invalid host permission: resource://pdf.js/
1548378855083	addons.webextension.screenshots@mozilla.org	WARN	Loading extension 'screenshots@mozilla.org': Reading manifest: Invalid host permission: about:reader*
1548378856314	Marionette	INFO	Listening on port 38465
1548378856385	Marionette	WARN	TLS certificate errors will be ignored for this session
1548378858491	Marionette	INFO	Stopped listening on port 38465
JavaScript error: resource://gre/modules/WebProgressChild.jsm, line 58: TypeError: this.mm.content is null
[Parent 17928, Gecko_IOThread] WARNING: pipe error (65): Connection reset by peer: file /build/firefox-wWf_B4/firefox-64.0+build3/ipc/chromium/src/chrome/common/ipc_channel_posix.cc, line 363
1548379068247	mozrunner::runner	INFO	Running command: "/usr/bin/firefox" "-marionette" "-headless" "-foreground" "-no-remote" "-profile" "/tmp/rust_mozprofile.Z1J3pC7MO3cc"
*** You are running in headless mode.
1548379068547	addons.webextension.screenshots@mozilla.org	WARN	Loading extension 'screenshots@mozilla.org': Reading manifest: Invalid host permission: resource://pdf.js/
1548379068547	addons.webextension.screenshots@mozilla.org	WARN	Loading extension 'screenshots@mozilla.org': Reading manifest: Invalid host permission: about:reader*
1548379069840	Marionette	INFO	Listening on port 41915
1548379069855	Marionette	WARN	TLS certificate errors will be ignored for this session
1548379073741	Marionette	INFO	Stopped listening on port 41915
[Parent 18450, Gecko_IOThread] WARNING: pipe error (65): Connection reset by peer: file /build/firefox-wWf_B4/firefox-64.0+build3/ipc/chromium/src/chrome/common/ipc_channel_posix.cc, line 363
1548379131179	mozrunner::runner	INFO	Running command: "/usr/bin/firefox" "-marionette" "-headless" "-foreground" "-no-remote" "-profile" "/tmp/rust_mozprofile.9TBjTi7boRlO"
*** You are running in headless mode.
1548379131499	addons.webextension.screenshots@mozilla.org	WARN	Loading extension 'screenshots@mozilla.org': Reading manifest: Invalid host permission: resource://pdf.js/
1548379131499	addons.webextension.screenshots@mozilla.org	WARN	Loading extension 'screenshots@mozilla.org': Reading manifest: Invalid host permission: about:reader*
1548379132793	Marionette	INFO	Listening on port 33611
1548379132893	Marionette	WARN	TLS certificate errors will be ignored for this session
1548379136537	Marionette	INFO	Stopped listening on port 33611
[Parent 18756, Gecko_IOThread] WARNING: pipe error (66): Connection reset by peer: file /build/firefox-wWf_B4/firefox-64.0+build3/ipc/chromium/src/chrome/common/ipc_channel_posix.cc, line 363
1548426736820	mozrunner::runner	INFO	Running command: "/usr/bin/firefox" "-marionette" "-headless" "-foreground" "-no-remote" "-profile" "/tmp/rust_mozprofile.n1hQtJfHcu2b"
*** You are running in headless mode.
1548426737128	addons.webextension.screenshots@mozilla.org	WARN	Loading extension 'screenshots@mozilla.org': Reading manifest: Invalid host permission: resource://pdf.js/
1548426737128	addons.webextension.screenshots@mozilla.org	WARN	Loading extension 'screenshots@mozilla.org': Reading manifest: Invalid host permission: about:reader*
1548426738450	Marionette	INFO	Listening on port 36375
1548426738526	Marionette	WARN	TLS certificate errors will be ignored for this session
console.error: BroadcastService: 
  receivedBroadcastMessage: handler for
  remote-settings/monitor_changes
  threw error:
  Message: Error: Polling for changes failed: NetworkError when attempting to fetch resource..
  Stack:
    remoteSettingsFunction/remoteSettings.pollChanges@resource://services-settings/remote-settings.js:750:13

1548426811409	mozrunner::runner	INFO	Running command: "/usr/bin/firefox" "-marionette" "-headless" "-foreground" "-no-remote" "-profile" "/tmp/rust_mozprofile.GFAHmEoD33lW"
*** You are running in headless mode.
1548426811705	addons.webextension.screenshots@mozilla.org	WARN	Loading extension 'screenshots@mozilla.org': Reading manifest: Invalid host permission: resource://pdf.js/
1548426811705	addons.webextension.screenshots@mozilla.org	WARN	Loading extension 'screenshots@mozilla.org': Reading manifest: Invalid host permission: about:reader*
1548426812968	Marionette	INFO	Listening on port 44423
1548426813023	Marionette	WARN	TLS certificate errors will be ignored for this session
1548426817938	Marionette	INFO	Stopped listening on port 44423
[Parent 2762, Gecko_IOThread] WARNING: pipe error (66): Connection reset by peer: file /build/firefox-wWf_B4/firefox-64.0+build3/ipc/chromium/src/chrome/common/ipc_channel_posix.cc, line 363
